2018-10-24 18:32:52.838  INFO 41560 --- [main] s.c.a.AnnotationConfigApplicationContext : Refreshing org.springframework.context.annotation.AnnotationConfigApplicationContext@147a5d08: startup date [Wed Oct 24 18:32:52 CST 2018]; root of context hierarchy
2018-10-24 18:32:53.412  INFO 41560 --- [main] f.a.AutowiredAnnotationBeanPostProcessor : JSR-330 'javax.inject.Inject' annotation found and supported for autowiring
2018-10-24 18:32:53.561  INFO 41560 --- [main] trationDelegate$BeanPostProcessorChecker : Bean 'configurationPropertiesRebinderAutoConfiguration' of type [org.springframework.cloud.autoconfigure.ConfigurationPropertiesRebinderAutoConfiguration$$EnhancerBySpringCGLIB$$ef708532] is not eligible for getting processed by all BeanPostProcessors (for example: not eligible for auto-proxying)
2018-10-24 18:32:54.191  INFO 41560 --- [main] c.yeting.micro.server.ApplicationTests   : The following profiles are active: eureka-server-node1
2018-10-24 18:32:54.209  INFO 41560 --- [main] o.s.w.c.s.GenericWebApplicationContext   : Refreshing org.springframework.web.context.support.GenericWebApplicationContext@4b85880b: startup date [Wed Oct 24 18:32:54 CST 2018]; parent: org.springframework.context.annotation.AnnotationConfigApplicationContext@147a5d08
2018-10-24 18:32:56.551  INFO 41560 --- [main] o.s.cloud.context.scope.GenericScope     : BeanFactory id=43f4ee92-9636-357a-9737-9cb1e013342a
2018-10-24 18:32:56.655  INFO 41560 --- [main] f.a.AutowiredAnnotationBeanPostProcessor : JSR-330 'javax.inject.Inject' annotation found and supported for autowiring
2018-10-24 18:32:56.844  INFO 41560 --- [main] trationDelegate$BeanPostProcessorChecker : Bean 'org.springframework.cloud.autoconfigure.ConfigurationPropertiesRebinderAutoConfiguration' of type [org.springframework.cloud.autoconfigure.ConfigurationPropertiesRebinderAutoConfiguration$$EnhancerBySpringCGLIB$$ef708532] is not eligible for getting processed by all BeanPostProcessors (for example: not eligible for auto-proxying)
2018-10-24 18:32:57.314  WARN 41560 --- [main] c.n.c.sources.URLConfigurationSource     : No URLs will be polled as dynamic configuration sources.
2018-10-24 18:32:57.315  INFO 41560 --- [main] c.n.c.sources.URLConfigurationSource     : To enable URLs as dynamic configuration sources, define System property archaius.configurationSource.additionalUrls or make config.properties available on classpath.
2018-10-24 18:32:57.331  WARN 41560 --- [main] c.n.c.sources.URLConfigurationSource     : No URLs will be polled as dynamic configuration sources.
2018-10-24 18:32:57.331  INFO 41560 --- [main] c.n.c.sources.URLConfigurationSource     : To enable URLs as dynamic configuration sources, define System property archaius.configurationSource.additionalUrls or make config.properties available on classpath.
2018-10-24 18:32:57.567  INFO 41560 --- [main] o.s.w.s.handler.SimpleUrlHandlerMapping  : Mapped URL path [/**/favicon.ico] onto handler of type [class org.springframework.web.servlet.resource.ResourceHttpRequestHandler]
2018-10-24 18:32:58.175  INFO 41560 --- [main] s.w.s.m.m.a.RequestMappingHandlerAdapter : Looking for @ControllerAdvice: org.springframework.web.context.support.GenericWebApplicationContext@4b85880b: startup date [Wed Oct 24 18:32:54 CST 2018]; parent: org.springframework.context.annotation.AnnotationConfigApplicationContext@147a5d08
2018-10-24 18:32:58.353  INFO 41560 --- [main] s.w.s.m.m.a.RequestMappingHandlerMapping : Mapped "{[/error]}" onto public org.springframework.http.ResponseEntity<java.util.Map<java.lang.String, java.lang.Object>> org.springframework.boot.autoconfigure.web.servlet.error.BasicErrorController.error(javax.servlet.http.HttpServletRequest)
2018-10-24 18:32:58.356  INFO 41560 --- [main] s.w.s.m.m.a.RequestMappingHandlerMapping : Mapped "{[/error],produces=[text/html]}" onto public org.springframework.web.servlet.ModelAndView org.springframework.boot.autoconfigure.web.servlet.error.BasicErrorController.errorHtml(javax.servlet.http.HttpServletRequest,javax.servlet.http.HttpServletResponse)
2018-10-24 18:32:58.365  INFO 41560 --- [main] s.w.s.m.m.a.RequestMappingHandlerMapping : Mapped "{[/],methods=[GET]}" onto public java.lang.String org.springframework.cloud.netflix.eureka.server.EurekaController.status(javax.servlet.http.HttpServletRequest,java.util.Map<java.lang.String, java.lang.Object>)
2018-10-24 18:32:58.366  INFO 41560 --- [main] s.w.s.m.m.a.RequestMappingHandlerMapping : Mapped "{[/lastn],methods=[GET]}" onto public java.lang.String org.springframework.cloud.netflix.eureka.server.EurekaController.lastn(javax.servlet.http.HttpServletRequest,java.util.Map<java.lang.String, java.lang.Object>)
2018-10-24 18:32:58.438  INFO 41560 --- [main] o.s.w.s.handler.SimpleUrlHandlerMapping  : Mapped URL path [/webjars/**] onto handler of type [class org.springframework.web.servlet.resource.ResourceHttpRequestHandler]
2018-10-24 18:32:58.438  INFO 41560 --- [main] o.s.w.s.handler.SimpleUrlHandlerMapping  : Mapped URL path [/**] onto handler of type [class org.springframework.web.servlet.resource.ResourceHttpRequestHandler]
2018-10-24 18:33:00.271  INFO 41560 --- [main] o.s.ui.freemarker.SpringTemplateLoader   : SpringTemplateLoader for FreeMarker: using resource loader [org.springframework.web.context.support.GenericWebApplicationContext@4b85880b: startup date [Wed Oct 24 18:32:54 CST 2018]; parent: org.springframework.context.annotation.AnnotationConfigApplicationContext@147a5d08] and template loader path [classpath:/templates/]
2018-10-24 18:33:00.273  INFO 41560 --- [main] o.s.w.s.v.f.FreeMarkerConfigurer         : ClassTemplateLoader for Spring macros added to FreeMarker configuration
2018-10-24 18:33:00.934  INFO 41560 --- [main] o.s.c.n.eureka.InstanceInfoFactory       : Setting initial instance status as: STARTING
2018-10-24 18:33:01.033  INFO 41560 --- [main] com.netflix.discovery.DiscoveryClient    : Initializing Eureka in region us-east-1
2018-10-24 18:33:01.036  INFO 41560 --- [main] com.netflix.discovery.DiscoveryClient    : Client configured to neither register nor query for data.
2018-10-24 18:33:01.071  INFO 41560 --- [main] com.netflix.discovery.DiscoveryClient    : Discovery Client initialized at timestamp 1540377181069 with initial instances count: 0
2018-10-24 18:33:01.231  INFO 41560 --- [main] c.n.eureka.DefaultEurekaServerContext    : Initializing ...
2018-10-24 18:33:01.234  WARN 41560 --- [main] c.n.eureka.cluster.PeerEurekaNodes       : The replica size seems to be empty. Check the route 53 DNS Registry
2018-10-24 18:33:01.294  INFO 41560 --- [main] c.n.e.registry.AbstractInstanceRegistry  : Finished initializing remote region registries. All known remote regions: []
2018-10-24 18:33:01.295  INFO 41560 --- [main] c.n.eureka.DefaultEurekaServerContext    : Initialized
2018-10-24 18:33:01.626  INFO 41560 --- [main] o.s.b.a.e.web.EndpointLinksResolver      : Exposing 2 endpoint(s) beneath base path '/actuator'
2018-10-24 18:33:01.665  INFO 41560 --- [main] s.b.a.e.w.s.WebMvcEndpointHandlerMapping : Mapped "{[/actuator/health],methods=[GET],produces=[application/vnd.spring-boot.actuator.v2+json || application/json]}" onto public java.lang.Object org.springframework.boot.actuate.endpoint.web.servlet.AbstractWebMvcEndpointHandlerMapping$OperationHandler.handle(javax.servlet.http.HttpServletRequest,java.util.Map<java.lang.String, java.lang.String>)
2018-10-24 18:33:01.666  INFO 41560 --- [main] s.b.a.e.w.s.WebMvcEndpointHandlerMapping : Mapped "{[/actuator/info],methods=[GET],produces=[application/vnd.spring-boot.actuator.v2+json || application/json]}" onto public java.lang.Object org.springframework.boot.actuate.endpoint.web.servlet.AbstractWebMvcEndpointHandlerMapping$OperationHandler.handle(javax.servlet.http.HttpServletRequest,java.util.Map<java.lang.String, java.lang.String>)
2018-10-24 18:33:01.667  INFO 41560 --- [main] s.b.a.e.w.s.WebMvcEndpointHandlerMapping : Mapped "{[/actuator],methods=[GET],produces=[application/vnd.spring-boot.actuator.v2+json || application/json]}" onto protected java.util.Map<java.lang.String, java.util.Map<java.lang.String, org.springframework.boot.actuate.endpoint.web.Link>> org.springframework.boot.actuate.endpoint.web.servlet.WebMvcEndpointHandlerMapping.links(javax.servlet.http.HttpServletRequest,javax.servlet.http.HttpServletResponse)
2018-10-24 18:33:01.780  INFO 41560 --- [main] o.s.c.support.DefaultLifecycleProcessor  : Starting beans in phase 0
2018-10-24 18:33:01.792  INFO 41560 --- [Thread-13] o.s.c.n.e.server.EurekaServerBootstrap   : Setting the eureka configuration..
2018-10-24 18:33:01.793  INFO 41560 --- [Thread-13] o.s.c.n.e.server.EurekaServerBootstrap   : Eureka data center value eureka.datacenter is not set, defaulting to default
2018-10-24 18:33:01.795  INFO 41560 --- [Thread-13] o.s.c.n.e.server.EurekaServerBootstrap   : Eureka environment value eureka.environment is not set, defaulting to test
2018-10-24 18:33:01.826  INFO 41560 --- [Thread-13] o.s.c.n.e.server.EurekaServerBootstrap   : isAws returned false
2018-10-24 18:33:01.827  INFO 41560 --- [Thread-13] o.s.c.n.e.server.EurekaServerBootstrap   : Initialized server context
2018-10-24 18:33:01.828  INFO 41560 --- [Thread-13] c.n.e.r.PeerAwareInstanceRegistryImpl    : Got 1 instances from neighboring DS node
2018-10-24 18:33:01.829  INFO 41560 --- [Thread-13] c.n.e.r.PeerAwareInstanceRegistryImpl    : Renew threshold is: 1
2018-10-24 18:33:01.831  INFO 41560 --- [Thread-13] c.n.e.r.PeerAwareInstanceRegistryImpl    : Changing status to UP
2018-10-24 18:33:01.859  INFO 41560 --- [Thread-13] e.s.EurekaServerInitializerConfiguration : Started Eureka Server
2018-10-24 18:33:01.906  INFO 41560 --- [main] c.yeting.micro.server.ApplicationTests   : Started ApplicationTests in 10.075 seconds (JVM running for 12.184)
2018-10-24 18:33:02.252  INFO 41560 --- [Thread-14] o.s.w.c.s.GenericWebApplicationContext   : Closing org.springframework.web.context.support.GenericWebApplicationContext@4b85880b: startup date [Wed Oct 24 18:32:54 CST 2018]; parent: org.springframework.context.annotation.AnnotationConfigApplicationContext@147a5d08
2018-10-24 18:33:02.254  INFO 41560 --- [Thread-14] o.s.c.n.e.s.EurekaServiceRegistry        : Unregistering application eureka-server with eureka with status DOWN
2018-10-24 18:33:02.257  INFO 41560 --- [Thread-14] o.s.c.support.DefaultLifecycleProcessor  : Stopping beans in phase 0
2018-10-24 18:33:02.260  INFO 41560 --- [Thread-14] c.n.eureka.DefaultEurekaServerContext    : Shutting down ...
2018-10-24 18:33:02.287  INFO 41560 --- [Thread-14] c.n.eureka.DefaultEurekaServerContext    : Shut down
2018-10-24 18:33:02.299  INFO 41560 --- [Thread-14] com.netflix.discovery.DiscoveryClient    : Shutting down DiscoveryClient ...
2018-10-24 18:33:02.299  INFO 41560 --- [Thread-14] com.netflix.discovery.DiscoveryClient    : Completed shut down of DiscoveryClient
